0 info it worked if it ends with ok
1 verbose cli [ '/home/jcoelho/.nvm/v6.5.0/bin/node',
1 verbose cli   '/home/jcoelho/.nvm/v6.5.0/bin/npm',
1 verbose cli   'run',
1 verbose cli   'lint:fix' ]
2 info using npm@3.10.3
3 info using node@v6.5.0
4 verbose run-script [ 'prelint:fix', 'lint:fix', 'postlint:fix' ]
5 info lifecycle books-api@1.0.0~prelint:fix: books-api@1.0.0
6 silly lifecycle books-api@1.0.0~prelint:fix: no script for prelint:fix, continuing
7 info lifecycle books-api@1.0.0~lint:fix: books-api@1.0.0
8 verbose lifecycle books-api@1.0.0~lint:fix: unsafe-perm in lifecycle true
9 verbose lifecycle books-api@1.0.0~lint:fix: PATH: /home/jcoelho/.nvm/v6.5.0/lib/node_modules/npm/bin/node-gyp-bin:/home/jcoelho/workspace/books-api/node_modules/.bin:/home/jcoelho/.nvm/v6.5.0/bin:/home/jcoelho/.nvm/v6.5.0/bin:/usr/local/sbin:/usr/local/bin:/usr/sbin:/usr/bin:/sbin:/bin:/usr/games:/usr/local/games:/usr/lib/jvm/java-7-oracle/bin:/usr/lib/jvm/java-7-oracle/db/bin:/usr/lib/jvm/java-7-oracle/jre/bin:/home/jcoelho/forge/forge-distribution-3.2.2.Final/bin
10 verbose lifecycle books-api@1.0.0~lint:fix: CWD: /home/jcoelho/workspace/books-api
11 silly lifecycle books-api@1.0.0~lint:fix: Args: [ '-c', 'eslint \'**/*.js\' --fix' ]
12 silly lifecycle books-api@1.0.0~lint:fix: Returned: code: 1  signal: null
13 info lifecycle books-api@1.0.0~lint:fix: Failed to exec lint:fix script
14 verbose stack Error: books-api@1.0.0 lint:fix: `eslint '**/*.js' --fix`
14 verbose stack Exit status 1
14 verbose stack     at EventEmitter.<anonymous> (/home/jcoelho/.nvm/v6.5.0/lib/node_modules/npm/lib/utils/lifecycle.js:242:16)
14 verbose stack     at emitTwo (events.js:106:13)
14 verbose stack     at EventEmitter.emit (events.js:191:7)
14 verbose stack     at ChildProcess.<anonymous> (/home/jcoelho/.nvm/v6.5.0/lib/node_modules/npm/lib/utils/spawn.js:40:14)
14 verbose stack     at emitTwo (events.js:106:13)
14 verbose stack     at ChildProcess.emit (events.js:191:7)
14 verbose stack     at maybeClose (internal/child_process.js:877:16)
14 verbose stack     at Process.ChildProcess._handle.onexit (internal/child_process.js:226:5)
15 verbose pkgid books-api@1.0.0
16 verbose cwd /home/jcoelho/workspace/books-api
17 error Linux 4.4.0-43-generic
18 error argv "/home/jcoelho/.nvm/v6.5.0/bin/node" "/home/jcoelho/.nvm/v6.5.0/bin/npm" "run" "lint:fix"
19 error node v6.5.0
20 error npm  v3.10.3
21 error code ELIFECYCLE
22 error books-api@1.0.0 lint:fix: `eslint '**/*.js' --fix`
22 error Exit status 1
23 error Failed at the books-api@1.0.0 lint:fix script 'eslint '**/*.js' --fix'.
23 error Make sure you have the latest version of node.js and npm installed.
23 error If you do, this is most likely a problem with the books-api package,
23 error not with npm itself.
23 error Tell the author that this fails on your system:
23 error     eslint '**/*.js' --fix
23 error You can get information on how to open an issue for this project with:
23 error     npm bugs books-api
23 error Or if that isn't available, you can get their info via:
23 error     npm owner ls books-api
23 error There is likely additional logging output above.
24 verbose exit [ 1, true ]
